<?xml version="1.0" encoding="UTF-8"?>
<testng-results skipped="0" failed="0" total="0" passed="0">
  <reporter-output>
  </reporter-output>
  <suite name="com.risk.auto.pages.AppTest" duration-ms="3" started-at="2017-09-25T09:19:32Z" finished-at="2017-09-25T09:19:32Z">
    <groups>
    </groups>
    <test name="Command line test" duration-ms="3" started-at="2017-09-25T09:19:32Z" finished-at="2017-09-25T09:19:32Z">
    </test> <!-- Command line test -->
  </suite> <!-- com.risk.auto.pages.AppTest -->
</testng-results>
